{"target": -0.908915168287124, "params": {"classifier__alpha": 0.41708030250210376, "classifier__l1_ratio": 0.7203244934421581, "pca__kernel": 0.00034312445202322244, "pca__n_components": 122.32836390747222, "pca__rbf_gamma": 0.14675589081711304, "use_pca": 0.0923385947687978, "use_scaler": 0.1862602113776709}, "datetime": {"datetime": "2021-02-25 07:58:22", "elapsed": 0.0, "delta": 0.0}}
{"target": -0.4590597761228746, "params": {"classifier__alpha": 0.3456261709703434, "classifier__l1_ratio": 0.39676747423066994, "pca__kernel": 1.616450201956189, "pca__n_components": 168.83941673251132, "pca__rbf_gamma": 0.6852195003967595, "use_pca": 0.20445224973151743, "use_scaler": 0.8781174363909454}, "datetime": {"datetime": "2021-02-25 08:00:16", "elapsed": 113.877895, "delta": 113.877895}}
{"target": -0.16664014475723316, "params": {"classifier__alpha": 0.02748485443860637, "classifier__l1_ratio": 0.6704675101784022, "pca__kernel": 1.2519144070596504, "pca__n_components": 224.35855172140916, "pca__rbf_gamma": 0.14038693859523377, "use_pca": 0.1981014890848788, "use_scaler": 0.8007445686755367}, "datetime": {"datetime": "2021-02-25 08:04:29", "elapsed": 367.385268, "delta": 253.507373}}
{"target": -3.635660673148494, "params": {"classifier__alpha": 0.2244544929819511, "classifier__l1_ratio": 0.8394129870054562, "pca__kernel": 0.3230392884806463, "pca__n_components": 224.40379363742096, "pca__rbf_gamma": 0.2626579908563885, "use_pca": 0.1111619488002571, "use_scaler": 0.07758263110942631}, "datetime": {"datetime": "2021-02-25 08:13:08", "elapsed": 885.567286, "delta": 518.182018}}
{"target": -1.8178303365742472, "params": {"classifier__alpha": 0.7652097444928992, "classifier__l1_ratio": 0.10951752470395315, "pca__kernel": 1.565941224064024, "pca__n_components": 307.75961065077, "pca__rbf_gamma": 0.6871391732604623, "use_pca": 0.13298154074487634, "use_scaler": 0.20192462101793163}, "datetime": {"datetime": "2021-02-25 08:17:21", "elapsed": 1139.235915, "delta": 253.668629}}
{"target": -0.24670057634226017, "params": {"classifier__alpha": 0.09836627662282596, "classifier__l1_ratio": 0.6417401383145558, "pca__kernel": 1.3629375350662647, "pca__n_components": 224.00379718093876, "pca__rbf_gamma": 0.026183080744837328, "use_pca": 0.05258437256125892, "use_scaler": 0.8156389221762995}, "datetime": {"datetime": "2021-02-25 08:19:58", "elapsed": 1296.166681, "delta": 156.930766}}
{"target": -3.635660673148493, "params": {"classifier__alpha": 0.0001, "classifier__l1_ratio": 0.5501495841483537, "pca__kernel": 1.9244085011998737, "pca__n_components": 224.40905156652343, "pca__rbf_gamma": 0.07561814819677404, "use_pca": 0.29822179816718425, "use_scaler": 1.0}, "datetime": {"datetime": "2021-02-25 08:22:28", "elapsed": 1446.369882, "delta": 150.203201}}
{"target": -0.6238327041497167, "params": {"classifier__alpha": 0.4414901795800316, "classifier__l1_ratio": 0.5089737253516924, "pca__kernel": 1.7513840269875014, "pca__n_components": 336.100118834938, "pca__rbf_gamma": 0.00269690682153112, "use_pca": 0.8179921235682618, "use_scaler": 0.11120394662202127}, "datetime": {"datetime": "2021-02-25 08:22:49", "elapsed": 1466.898358, "delta": 20.528476}}
{"target": -5.4534910097227405, "params": {"classifier__alpha": 0.7166139993273761, "classifier__l1_ratio": 0.6515681229352546, "pca__kernel": 0.31366141354580285, "pca__n_components": 36.660010754077746, "pca__rbf_gamma": 0.6552161113053641, "use_pca": 0.8314626450277647, "use_scaler": 0.20179539366663568}, "datetime": {"datetime": "2021-02-25 08:23:06", "elapsed": 1484.481913, "delta": 17.583555}}
{"target": -6.362406178009864, "params": {"classifier__alpha": 0.9251063368874428, "classifier__l1_ratio": 0.8381925331351613, "pca__kernel": 0.022754303025915662, "pca__n_components": 357.90004916637685, "pca__rbf_gamma": 0.00536627074396534, "use_pca": 0.5087434877670002, "use_scaler": 0.4444980616083076}, "datetime": {"datetime": "2021-02-25 08:24:10", "elapsed": 1547.7632, "delta": 63.281287}}
{"target": -2.7267455048613702, "params": {"classifier__alpha": 0.5603105927634687, "classifier__l1_ratio": 0.626306073126172, "pca__kernel": 0.1834413413155484, "pca__n_components": 122.39327592276348, "pca__rbf_gamma": 0.17576430821610523, "use_pca": 0.07609177126573652, "use_scaler": 0.08817838235519826}, "datetime": {"datetime": "2021-02-25 08:30:50", "elapsed": 1947.770802, "delta": 400.007602}}
{"target": -0.16469155669581848, "params": {"classifier__alpha": 0.0820055537619751, "classifier__l1_ratio": 0.5815854254750523, "pca__kernel": 1.3824216539866092, "pca__n_components": 168.76222976800122, "pca__rbf_gamma": 0.8969708262864399, "use_pca": 0.47843650538305715, "use_scaler": 0.8333265721745143}, "datetime": {"datetime": "2021-02-25 08:33:58", "elapsed": 2135.974088, "delta": 188.203286}}
{"target": -0.6244137479194585, "params": {"classifier__alpha": 0.4681284824762538, "classifier__l1_ratio": 0.6359635702581621, "pca__kernel": 1.6478162519624164, "pca__n_components": 168.9006482052016, "pca__rbf_gamma": 0.7369432690526091, "use_pca": 0.7934045364810824, "use_scaler": 0.8849587818857457}, "datetime": {"datetime": "2021-02-25 08:34:42", "elapsed": 2180.232786, "delta": 44.258698}}
{"target": -0.5644928219792429, "params": {"classifier__alpha": 0.216390784349686, "classifier__l1_ratio": 0.9204449128462618, "pca__kernel": 1.0062764460180595, "pca__n_components": 168.45367177384145, "pca__rbf_gamma": 0.8535917207465267, "use_pca": 0.1436371732312921, "use_scaler": 0.803717552587888}, "datetime": {"datetime": "2021-02-25 08:38:09", "elapsed": 2387.079058, "delta": 206.846272}}
{"target": -0.6277264504720643, "params": {"classifier__alpha": 0.8278421171052819, "classifier__l1_ratio": 0.5914122506775258, "pca__kernel": 1.8410634728721758, "pca__n_components": 220.5905949947533, "pca__rbf_gamma": 0.5980183315428573, "use_pca": 0.6384158923533543, "use_scaler": 0.34534548514211827}, "datetime": {"datetime": "2021-02-25 08:38:29", "elapsed": 2407.045641, "delta": 19.966583}}
{"target": -2.7267455048613707, "params": {"classifier__alpha": 0.13709325144769252, "classifier__l1_ratio": 0.9930978862155242, "pca__kernel": 0.9021379567172508, "pca__n_components": 271.3817863646556, "pca__rbf_gamma": 0.12666706392254135, "use_pca": 0.7215639361904148, "use_scaler": 0.07869756379245985}, "datetime": {"datetime": "2021-02-25 08:39:26", "elapsed": 2463.959143, "delta": 56.913502}}
{"target": -0.6240460245403359, "params": {"classifier__alpha": 0.5999965114118178, "classifier__l1_ratio": 0.2583220675257638, "pca__kernel": 2.5515359647544753, "pca__n_components": 213.7200925709777, "pca__rbf_gamma": 0.3370434869393675, "use_pca": 0.8710187248759655, "use_scaler": 0.6073120078545613}, "datetime": {"datetime": "2021-02-25 08:40:20", "elapsed": 2517.68614, "delta": 53.726997}}
{"target": -2.7267455048613707, "params": {"classifier__alpha": 0.019083736610866125, "classifier__l1_ratio": 0.8627043537220289, "pca__kernel": 1.281807352540614, "pca__n_components": 79.84727072078167, "pca__rbf_gamma": 0.6811884268301436, "use_pca": 0.4139326139467423, "use_scaler": 0.3801634584528363}, "datetime": {"datetime": "2021-02-25 08:47:22", "elapsed": 2939.685908, "delta": 421.999768}}
