{"target": -3.5051497771893176, "params": {"classifier__alpha": 0.41708030250210376, "pca__kernel": 2.160973480254442, "pca__n_components": 2.045521177303265, "pca__rbf_gamma": 0.30233257263183977, "use_pca": 0.14675589081711304, "use_scaler": 0.0923385947687978}, "datetime": {"datetime": "2021-02-25 07:25:53", "elapsed": 0.0, "delta": 0.0}}
{"target": -2.6471746342969324, "params": {"classifier__alpha": 0.18634158535653314, "pca__kernel": 1.0366821810945872, "pca__n_components": 159.91345474380662, "pca__rbf_gamma": 0.538816734003357, "use_pca": 0.4191945144032948, "use_scaler": 0.6852195003967595}, "datetime": {"datetime": "2021-02-25 07:27:34", "elapsed": 101.40847, "delta": 101.40847}}
{"target": -2.600749681335054, "params": {"classifier__alpha": 0.20453180450654426, "pca__kernel": 2.6343523090850245, "pca__n_components": 12.900262092774613, "pca__rbf_gamma": 0.6704675101784022, "use_pca": 0.41730480236712697, "use_scaler": 0.5586898284457517}, "datetime": {"datetime": "2021-02-25 07:29:28", "elapsed": 215.463763, "delta": 114.055293}}
{"target": -3.25097654752462, "params": {"classifier__alpha": 0.07404368885098506, "pca__kernel": 2.359378306931926, "pca__n_components": 13.1248359178384, "pca__rbf_gamma": 0.2552062530564172, "use_pca": 0.2975833866405353, "use_scaler": 0.5646064903683536}, "datetime": {"datetime": "2021-02-25 07:31:15", "elapsed": 322.585964, "delta": 107.122201}}
{"target": -3.908335223634631, "params": {"classifier__alpha": 0.5977510283248659, "pca__kernel": 0.9552384819192674, "pca__n_components": 265.89738597198067, "pca__rbf_gamma": 0.44838985632891715, "use_pca": 0.17220520521934746, "use_scaler": 0.30293435651370393}, "datetime": {"datetime": "2021-02-25 07:32:40", "elapsed": 407.249668, "delta": 84.663704}}
{"target": -3.6799411557060706, "params": {"classifier__alpha": 0.897191702545981, "pca__kernel": 1.5888930944900672, "pca__n_components": 25.48057315861568, "pca__rbf_gamma": 0.837280280665658, "use_pca": 0.22688248954908952, "use_scaler": 0.185133014810117}, "datetime": {"datetime": "2021-02-25 07:34:01", "elapsed": 488.190124, "delta": 80.940456}}
{"target": -0.6298390681338233, "params": {"classifier__alpha": 0.12385592859044928, "pca__kernel": 1.2736823735683895, "pca__n_components": 159.9339418112839, "pca__rbf_gamma": 0.7267203593283849, "use_pca": 0.5803796876648744, "use_scaler": 0.6622533465819942}, "datetime": {"datetime": "2021-02-25 07:34:54", "elapsed": 541.369384, "delta": 53.17926}}
{"target": -4.4350399108984515, "params": {"classifier__alpha": 0.04494954508369263, "pca__kernel": 1.4009632089286617, "pca__n_components": 160.15417854772187, "pca__rbf_gamma": 0.5380073655378665, "use_pca": 0.3848103885288602, "use_scaler": 0.16746605512192247}, "datetime": {"datetime": "2021-02-25 07:36:16", "elapsed": 622.808049, "delta": 81.438665}}
{"target": -0.6302029375803737, "params": {"classifier__alpha": 0.6940258841324662, "pca__kernel": 1.7208328493570582, "pca__n_components": 132.97624484041677, "pca__rbf_gamma": 0.7098096783977794, "use_pca": 0.7974299772961813, "use_scaler": 0.030372650985654337}, "datetime": {"datetime": "2021-02-25 07:36:47", "elapsed": 654.320684, "delta": 31.512635}}
{"target": -0.6298811963328708, "params": {"classifier__alpha": 0.315196869517735, "pca__kernel": 1.6850693650868587, "pca__n_components": 159.92084166624906, "pca__rbf_gamma": 0.7322062594647771, "use_pca": 0.6825393927260061, "use_scaler": 0.721448040179689}, "datetime": {"datetime": "2021-02-25 07:37:50", "elapsed": 716.895583, "delta": 62.574899}}
{"target": -0.2885211274475671, "params": {"classifier__alpha": 0.004716732301232256, "pca__kernel": 2.463039601727721, "pca__n_components": 205.95603782617852, "pca__rbf_gamma": 0.536676330160721, "use_pca": 0.7383971777491775, "use_scaler": 0.9452567575757278}, "datetime": {"datetime": "2021-02-25 07:39:06", "elapsed": 792.725505, "delta": 75.829922}}
{"target": -0.6091793775737337, "params": {"classifier__alpha": 0.03418481745258484, "pca__kernel": 2.1556021950745707, "pca__n_components": 345.7072396559303, "pca__rbf_gamma": 0.30042450481948857, "use_pca": 0.8466954850244939, "use_scaler": 0.421904581913521}, "datetime": {"datetime": "2021-02-25 07:39:52", "elapsed": 838.696117, "delta": 45.970612}}
{"target": -4.174018118980097, "params": {"classifier__alpha": 0.8981410270193461, "pca__kernel": 0.259245590409788, "pca__n_components": 224.6980476636634, "pca__rbf_gamma": 0.2548013005585862, "use_pca": 0.7555712369504641, "use_scaler": 0.23779521512142787}, "datetime": {"datetime": "2021-02-25 07:40:21", "elapsed": 868.630459, "delta": 29.934342}}
{"target": -0.9075345768806964, "params": {"classifier__alpha": 0.9888425253267702, "pca__kernel": 2.237787701775991, "pca__n_components": 130.3832776836081, "pca__rbf_gamma": 0.3742418137696256, "use_pca": 0.3261485608810565, "use_scaler": 0.5807938100213703}, "datetime": {"datetime": "2021-02-25 07:42:26", "elapsed": 993.071469, "delta": 124.44101}}
{"target": -0.8615570201689708, "params": {"classifier__alpha": 0.7583437059324145, "pca__kernel": 0.6112503247330178, "pca__n_components": 94.8981480024425, "pca__rbf_gamma": 0.5852551241334635, "use_pca": 0.7666729328516684, "use_scaler": 0.9657788858927666}, "datetime": {"datetime": "2021-02-25 07:43:28", "elapsed": 1054.919646, "delta": 61.848177}}
{"target": -0.6199909359378183, "params": {"classifier__alpha": 0.8739389825048338, "pca__kernel": 2.976701914231512, "pca__n_components": 156.63486122111496, "pca__rbf_gamma": 0.863003636708025, "use_pca": 0.7915295000951552, "use_scaler": 0.7249110671400804}, "datetime": {"datetime": "2021-02-25 07:44:45", "elapsed": 1132.115751, "delta": 77.196105}}
{"target": -4.132068188136076, "params": {"classifier__alpha": 0.01750390591725882, "pca__kernel": 0.9938624771071564, "pca__n_components": 187.38548106434624, "pca__rbf_gamma": 0.2870923549002362, "use_pca": 0.6368682265354818, "use_scaler": 0.3973360227172993}, "datetime": {"datetime": "2021-02-25 07:45:13", "elapsed": 1159.722266, "delta": 27.606515}}
{"target": -1.5208640393339494, "params": {"classifier__alpha": 0.5601263070467342, "pca__kernel": 1.768687052394385, "pca__n_components": 290.4706890199008, "pca__rbf_gamma": 0.7585837470665033, "use_pca": 0.43668095739985824, "use_scaler": 0.6603948518508355}, "datetime": {"datetime": "2021-02-25 07:47:01", "elapsed": 1268.436113, "delta": 108.713847}}
