{"target": -0.7675308271578986, "params": {"classifier__C": 4.170278344825269, "classifier__gamma": 0.8812979737686324, "classifier__kernel": 0.00034312445202322244, "pca__kernel": 0.906997717865286, "pca__n_components": 60.40884454521099, "pca__rbf_gamma": 0.0923385947687978, "use_pca": 0.1862602113776709, "use_scaler": 0.34556072704304774}, "datetime": {"datetime": "2021-02-26 07:15:27", "elapsed": 0.0, "delta": 0.0}}
{"target": -0.6203399551993055, "params": {"classifier__C": 3.9677350655592765, "classifier__gamma": 0.15526693601342778, "classifier__kernel": 1.257583543167965, "pca__kernel": 2.0556585011217567, "pca__n_components": 83.37199539314393, "pca__rbf_gamma": 0.8781174363909454, "use_pca": 0.027387593197926163, "use_scaler": 0.6704675101784022}, "datetime": {"datetime": "2021-02-26 08:13:15", "elapsed": 3467.467799, "delta": 3467.467799}}
{"target": -0.16931624756701685, "params": {"classifier__C": 4.173106293191033, "classifier__gamma": 0.23475931378300663, "classifier__kernel": 0.4211608157716626, "pca__kernel": 0.5943044672348262, "pca__n_components": 320.6963383328636, "pca__rbf_gamma": 0.9682615757193975, "use_pca": 0.31342417815924284, "use_scaler": 0.6923226156693141}, "datetime": {"datetime": "2021-02-26 08:21:40", "elapsed": 3972.228992, "delta": 504.761193}}
{"target": -0.17266258641615212, "params": {"classifier__C": 5.152055771416519, "classifier__gamma": 0.4162229734585908, "classifier__kernel": 0.5568859811975898, "pca__kernel": 0.621356194261129, "pca__n_components": 320.318403826287, "pca__rbf_gamma": 0.7692404824511622, "use_pca": 0.2786503553329183, "use_scaler": 0.6204072052073714}, "datetime": {"datetime": "2021-02-26 08:31:57", "elapsed": 4589.443197, "delta": 617.214205}}
{"target": -0.19822708764921973, "params": {"classifier__C": 0.0001, "classifier__gamma": -2.0, "classifier__kernel": 0.0, "pca__kernel": 2.9999999999, "pca__n_components": 400.0, "pca__rbf_gamma": 1.0, "use_pca": 1.0, "use_scaler": 1.0}, "datetime": {"datetime": "2021-02-26 08:33:07", "elapsed": 4659.545109, "delta": 70.101912}}
{"target": -0.14498827619738935, "params": {"classifier__C": 0.0001, "classifier__gamma": -2.0, "classifier__kernel": 0.0, "pca__kernel": 2.9999999999, "pca__n_components": 215.87098211828666, "pca__rbf_gamma": 1.0, "use_pca": 1.0, "use_scaler": 1.0}, "datetime": {"datetime": "2021-02-26 08:34:10", "elapsed": 4722.825638, "delta": 63.280529}}
{"target": -0.7149087291965357, "params": {"classifier__C": 0.0001, "classifier__gamma": -2.0, "classifier__kernel": 0.0, "pca__kernel": 0.0, "pca__n_components": 265.5151534437624, "pca__rbf_gamma": 1.0, "use_pca": 0.0, "use_scaler": 0.0}, "datetime": {"datetime": "2021-02-26 08:43:02", "elapsed": 5254.419732, "delta": 531.594094}}
